
==============================================================================
lazy:                                                                     2 ⚠️

lazy.nvim ~
- {lazy.nvim} version `11.17.5`
- ✅ OK {git} `version 2.45.2`
- ✅ OK no existing packages found by other package managers
- ✅ OK packer_compiled.lua not found

luarocks ~
- checking `luarocks` installation
- ✅ OK no plugins require `luarocks`, so you can ignore any warnings below
- ✅ OK {luarocks} `/opt/homebrew/bin/luarocks 3.12.2`
- ⚠️ WARNING `lua` version `5.1` needed, but found `Lua 5.4.8  Copyright (C) 1994-2025 Lua.org, PUC-Rio`
- ⚠️ WARNING {lua5.1} or {lua} or {lua-5.1} version `5.1` not installed

==============================================================================
neo-tree:                                                                   ✅

Dependencies ~
- ✅ OK nvim-lua/plenary.nvim is installed
- ✅ OK MunifTanjim/nui.nvim is installed

Optional icons ~
- ✅ OK nvim-tree/nvim-web-devicons is installed

Optional preview image support (only need one): ~
- folke/snacks.nvim is not installed
- 3rd/image.nvim is not installed

Optional LSP integration for commands (like copy/delete/move/etc.) ~
- antosha417/nvim-lsp-file-operations is not installed

Optional window picker (for _with_window_picker commands) ~
- ✅ OK s1n7ax/nvim-window-picker is installed

Configuration ~
- ✅ OK Configuration conforms to the neotree.Config.Base schema

==============================================================================
vim.deprecated:                                                             ✅

- ✅ OK No deprecated functions detected

==============================================================================
vim.health:                                                                 ✅

Configuration ~
- ✅ OK no issues found

Runtime ~
- ✅ OK $VIMRUNTIME: /opt/homebrew/Cellar/neovim/0.11.2/share/nvim/runtime

Performance ~
- ✅ OK Build type: Release

Remote Plugins ~
- ✅ OK Up to date

terminal ~
- key_backspace (kbs) terminfo entry: `key_backspace=^H`
- key_dc (kdch1) terminfo entry: `key_dc=\E[3~`
- $TERM_PROGRAM="vscode"
- $COLORTERM="truecolor"

External Tools ~
- ✅ OK ripgrep 14.1.0 (/opt/homebrew/bin/rg)

==============================================================================
vim.lsp:                                                                    ✅

- LSP log level : WARN
- Log path: /Users/thanhthien/.local/state/nvim/lsp.log
- Log size: 1464 KB

vim.lsp: Active Clients ~
- No active clients

vim.lsp: Enabled Configurations ~

vim.lsp: File Watcher ~
- file watching "(workspace/didChangeWatchedFiles)" disabled on all clients

vim.lsp: Position Encodings ~
- No active clients

==============================================================================
vim.provider:                                                             6 ⚠️

Clipboard (optional) ~
- ✅ OK Clipboard tool found: pbcopy

Node.js provider (optional) ~
- Node.js: v22.16.0

- ⚠️ WARNING Missing "neovim" npm (or yarn, pnpm) package.
  - ADVICE:
    - Run in shell: npm install -g neovim
    - Run in shell (if you use yarn): yarn global add neovim
    - Run in shell (if you use pnpm): pnpm install -g neovim
    - You may disable this provider (and warning) by adding `let g:loaded_node_provider = 0` to your init.vim

Perl provider (optional) ~
- ⚠️ WARNING "Neovim::Ext" cpan module is not installed
  - ADVICE:
    - See :help |provider-perl| for more information.
    - You can disable this provider (and warning) by adding `let g:loaded_perl_provider = 0` to your init.vim
- ⚠️ WARNING No usable perl executable found

Python 3 provider (optional) ~
- ⚠️ WARNING No Python executable found that can `import neovim`. Using the first available executable for diagnostics.
- ⚠️ WARNING Could not load Python :
  /opt/homebrew/bin/python3 does not have the "neovim" module.
  /opt/homebrew/bin/python3.13 does not have the "neovim" module.
  /opt/homebrew/bin/python3.12 does not have the "neovim" module.
  python3.11 not found in search path or not executable.
  python3.10 not found in search path or not executable.
  python3.9 not found in search path or not executable.
  python not found in search path or not executable.
  - ADVICE:
    - See :help |provider-python| for more information.
    - You can disable this provider (and warning) by adding `let g:loaded_python3_provider = 0` to your init.vim
- Executable: Not found

Python virtualenv ~
- ✅ OK no $VIRTUAL_ENV

Ruby provider (optional) ~
- Ruby: ruby 3.3.0 (2023-12-25 revision 5124f9ac75) [arm64-darwin23]
- ⚠️ WARNING `neovim-ruby-host` not found.
  - ADVICE:
    - Run `gem install neovim` to ensure the neovim RubyGem is installed.
    - Run `gem environment` to ensure the gem bin directory is in $PATH.
    - If you are using rvm/rbenv/chruby, try "rehashing".
    - See :help |g:ruby_host_prog| for non-standard gem installations.
    - You can disable this provider (and warning) by adding `let g:loaded_ruby_provider = 0` to your init.vim

==============================================================================
vim.treesitter:                                                             ✅

Treesitter features ~
- Treesitter ABI support: min 13, max 15
- WASM parser support: false

Treesitter parsers ~
- ✅ OK Parser: c                    ABI: 14, path: /opt/homebrew/Cellar/neovim/0.11.2/lib/nvim/parser/c.so
- ✅ OK Parser: lua                  ABI: 14, path: /opt/homebrew/Cellar/neovim/0.11.2/lib/nvim/parser/lua.so
- ✅ OK Parser: markdown             ABI: 14, path: /opt/homebrew/Cellar/neovim/0.11.2/lib/nvim/parser/markdown.so
- ✅ OK Parser: markdown_inline      ABI: 14, path: /opt/homebrew/Cellar/neovim/0.11.2/lib/nvim/parser/markdown_inline.so
- ✅ OK Parser: query                ABI: 14, path: /opt/homebrew/Cellar/neovim/0.11.2/lib/nvim/parser/query.so
- ✅ OK Parser: vim                  ABI: 14, path: /opt/homebrew/Cellar/neovim/0.11.2/lib/nvim/parser/vim.so
- ✅ OK Parser: vimdoc               ABI: 14, path: /opt/homebrew/Cellar/neovim/0.11.2/lib/nvim/parser/vimdoc.so

